{"C:\\Users\\liveh\\OneDrive\\Faculdade\\Ultimo Ano\\Projeto Italo\\ES\\ES\\app.js": {"path":"C:\\Users\\liveh\\OneDrive\\Faculdade\\Ultimo Ano\\Projeto Italo\\ES\\ES\\app.js","statementMap":{"0":{"start":{"line":23,"column":16},"end":{"line":23,"column":34}},"1":{"start":{"line":24,"column":13},"end":{"line":24,"column":28}},"2":{"start":{"line":25,"column":23},"end":{"line":25,"column":51}},"3":{"start":{"line":26,"column":22},"end":{"line":26,"column":49}},"4":{"start":{"line":28,"column":12},"end":{"line":28,"column":21}},"5":{"start":{"line":31,"column":0},"end":{"line":31,"column":24}},"6":{"start":{"line":32,"column":0},"end":{"line":32,"column":16}},"7":{"start":{"line":33,"column":0},"end":{"line":33,"column":48}},"8":{"start":{"line":36,"column":0},"end":{"line":36,"column":37}},"9":{"start":{"line":37,"column":0},"end":{"line":37,"column":35}},"10":{"start":{"line":41,"column":4},"end":{"line":41,"column":25}},"11":{"start":{"line":44,"column":0},"end":{"line":44,"column":39}}},"fnMap":{"0":{"name":"createServer","decl":{"start":{"line":40,"column":9},"end":{"line":40,"column":21}},"loc":{"start":{"line":40,"column":24},"end":{"line":42,"column":1}},"line":40}},"branchMap":{},"s":{"0":1,"1":1,"2":1,"3":1,"4":1,"5":1,"6":1,"7":1,"8":1,"9":1,"10":1,"11":1},"f":{"0":1},"b":{},"_coverageSchema":"1a1c01bbd47fc00a2c39e90264f33305004495a9","hash":"8c07aa0e266eb93a8e1c7af6a7037e5ab0242517"}
,"C:\\Users\\liveh\\OneDrive\\Faculdade\\Ultimo Ano\\Projeto Italo\\ES\\ES\\controllers\\negocioController.js": {"path":"C:\\Users\\liveh\\OneDrive\\Faculdade\\Ultimo Ano\\Projeto Italo\\ES\\ES\\controllers\\negocioController.js","statementMap":{"0":{"start":{"line":1,"column":11},"end":{"line":1,"column":30}},"1":{"start":{"line":2,"column":13},"end":{"line":2,"column":48}},"2":{"start":{"line":3,"column":23},"end":{"line":3,"column":60}},"3":{"start":{"line":5,"column":0},"end":{"line":16,"column":2}},"4":{"start":{"line":6,"column":16},"end":{"line":6,"column":37}},"5":{"start":{"line":7,"column":4},"end":{"line":7,"column":51}},"6":{"start":{"line":8,"column":4},"end":{"line":15,"column":7}},"7":{"start":{"line":9,"column":8},"end":{"line":12,"column":9}},"8":{"start":{"line":10,"column":12},"end":{"line":10,"column":47}},"9":{"start":{"line":11,"column":12},"end":{"line":11,"column":65}},"10":{"start":{"line":13,"column":8},"end":{"line":13,"column":43}},"11":{"start":{"line":14,"column":8},"end":{"line":14,"column":36}},"12":{"start":{"line":18,"column":0},"end":{"line":31,"column":1}},"13":{"start":{"line":19,"column":19},"end":{"line":19,"column":29}},"14":{"start":{"line":20,"column":16},"end":{"line":20,"column":55}},"15":{"start":{"line":21,"column":4},"end":{"line":30,"column":7}},"16":{"start":{"line":22,"column":8},"end":{"line":24,"column":9}},"17":{"start":{"line":23,"column":12},"end":{"line":23,"column":65}},"18":{"start":{"line":25,"column":8},"end":{"line":29,"column":9}},"19":{"start":{"line":26,"column":12},"end":{"line":26,"column":43}},"20":{"start":{"line":28,"column":12},"end":{"line":28,"column":68}},"21":{"start":{"line":33,"column":0},"end":{"line":79,"column":2}},"22":{"start":{"line":34,"column":18},"end":{"line":34,"column":46}},"23":{"start":{"line":35,"column":22},"end":{"line":35,"column":35}},"24":{"start":{"line":37,"column":4},"end":{"line":78,"column":5}},"25":{"start":{"line":39,"column":8},"end":{"line":39,"column":34}},"26":{"start":{"line":40,"column":27},"end":{"line":40,"column":48}},"27":{"start":{"line":43,"column":29},"end":{"line":48,"column":9}},"28":{"start":{"line":50,"column":8},"end":{"line":74,"column":11}},"29":{"start":{"line":51,"column":12},"end":{"line":53,"column":13}},"30":{"start":{"line":52,"column":16},"end":{"line":52,"column":69}},"31":{"start":{"line":55,"column":12},"end":{"line":59,"column":13}},"32":{"start":{"line":56,"column":16},"end":{"line":58,"column":19}},"33":{"start":{"line":62,"column":30},"end":{"line":62,"column":65}},"34":{"start":{"line":63,"column":12},"end":{"line":73,"column":15}},"35":{"start":{"line":64,"column":16},"end":{"line":66,"column":17}},"36":{"start":{"line":65,"column":20},"end":{"line":65,"column":73}},"37":{"start":{"line":68,"column":16},"end":{"line":72,"column":17}},"38":{"start":{"line":69,"column":20},"end":{"line":69,"column":77}},"39":{"start":{"line":71,"column":20},"end":{"line":71,"column":79}},"40":{"start":{"line":77,"column":8},"end":{"line":77,"column":63}},"41":{"start":{"line":81,"column":0},"end":{"line":118,"column":1}},"42":{"start":{"line":82,"column":21},"end":{"line":82,"column":38}},"43":{"start":{"line":83,"column":17},"end":{"line":83,"column":30}},"44":{"start":{"line":84,"column":18},"end":{"line":84,"column":46}},"45":{"start":{"line":85,"column":4},"end":{"line":87,"column":5}},"46":{"start":{"line":86,"column":8},"end":{"line":86,"column":71}},"47":{"start":{"line":89,"column":4},"end":{"line":91,"column":5}},"48":{"start":{"line":90,"column":8},"end":{"line":90,"column":90}},"49":{"start":{"line":92,"column":4},"end":{"line":94,"column":5}},"50":{"start":{"line":93,"column":8},"end":{"line":93,"column":66}},"51":{"start":{"line":96,"column":4},"end":{"line":96,"column":35}},"52":{"start":{"line":98,"column":23},"end":{"line":98,"column":61}},"53":{"start":{"line":99,"column":4},"end":{"line":99,"column":38}},"54":{"start":{"line":100,"column":4},"end":{"line":117,"column":7}},"55":{"start":{"line":101,"column":8},"end":{"line":104,"column":9}},"56":{"start":{"line":102,"column":12},"end":{"line":102,"column":28}},"57":{"start":{"line":103,"column":12},"end":{"line":103,"column":79}},"58":{"start":{"line":106,"column":8},"end":{"line":116,"column":9}},"59":{"start":{"line":107,"column":24},"end":{"line":107,"column":106}},"60":{"start":{"line":108,"column":12},"end":{"line":113,"column":15}},"61":{"start":{"line":109,"column":16},"end":{"line":111,"column":17}},"62":{"start":{"line":110,"column":20},"end":{"line":110,"column":73}},"63":{"start":{"line":112,"column":16},"end":{"line":112,"column":80}},"64":{"start":{"line":115,"column":12},"end":{"line":115,"column":70}},"65":{"start":{"line":121,"column":0},"end":{"line":133,"column":1}},"66":{"start":{"line":122,"column":16},"end":{"line":122,"column":57}},"67":{"start":{"line":123,"column":4},"end":{"line":132,"column":7}},"68":{"start":{"line":124,"column":8},"end":{"line":126,"column":9}},"69":{"start":{"line":125,"column":12},"end":{"line":125,"column":67}},"70":{"start":{"line":127,"column":8},"end":{"line":131,"column":9}},"71":{"start":{"line":128,"column":12},"end":{"line":128,"column":39}},"72":{"start":{"line":130,"column":12},"end":{"line":130,"column":77}},"73":{"start":{"line":135,"column":0},"end":{"line":149,"column":1}},"74":{"start":{"line":136,"column":18},"end":{"line":136,"column":46}},"75":{"start":{"line":137,"column":23},"end":{"line":137,"column":44}},"76":{"start":{"line":138,"column":4},"end":{"line":138,"column":30}},"77":{"start":{"line":139,"column":4},"end":{"line":148,"column":7}},"78":{"start":{"line":140,"column":8},"end":{"line":142,"column":9}},"79":{"start":{"line":141,"column":12},"end":{"line":141,"column":79}},"80":{"start":{"line":143,"column":8},"end":{"line":147,"column":9}},"81":{"start":{"line":144,"column":12},"end":{"line":144,"column":31}},"82":{"start":{"line":146,"column":12},"end":{"line":146,"column":72}},"83":{"start":{"line":151,"column":0},"end":{"line":163,"column":1}},"84":{"start":{"line":152,"column":16},"end":{"line":152,"column":55}},"85":{"start":{"line":153,"column":4},"end":{"line":162,"column":7}},"86":{"start":{"line":154,"column":8},"end":{"line":156,"column":9}},"87":{"start":{"line":155,"column":12},"end":{"line":155,"column":67}},"88":{"start":{"line":157,"column":8},"end":{"line":161,"column":9}},"89":{"start":{"line":158,"column":12},"end":{"line":158,"column":39}},"90":{"start":{"line":160,"column":12},"end":{"line":160,"column":77}},"91":{"start":{"line":165,"column":0},"end":{"line":193,"column":1}},"92":{"start":{"line":166,"column":18},"end":{"line":166,"column":46}},"93":{"start":{"line":168,"column":4},"end":{"line":170,"column":5}},"94":{"start":{"line":169,"column":8},"end":{"line":169,"column":71}},"95":{"start":{"line":172,"column":4},"end":{"line":174,"column":5}},"96":{"start":{"line":173,"column":8},"end":{"line":173,"column":66}},"97":{"start":{"line":176,"column":31},"end":{"line":176,"column":39}},"98":{"start":{"line":178,"column":23},"end":{"line":178,"column":44}},"99":{"start":{"line":180,"column":4},"end":{"line":192,"column":7}},"100":{"start":{"line":181,"column":8},"end":{"line":183,"column":9}},"101":{"start":{"line":182,"column":12},"end":{"line":182,"column":79}},"102":{"start":{"line":185,"column":20},"end":{"line":185,"column":82}},"103":{"start":{"line":186,"column":8},"end":{"line":191,"column":11}},"104":{"start":{"line":187,"column":12},"end":{"line":189,"column":13}},"105":{"start":{"line":188,"column":16},"end":{"line":188,"column":69}},"106":{"start":{"line":190,"column":12},"end":{"line":190,"column":91}},"107":{"start":{"line":195,"column":0},"end":{"line":262,"column":1}},"108":{"start":{"line":196,"column":18},"end":{"line":196,"column":46}},"109":{"start":{"line":197,"column":37},"end":{"line":197,"column":45}},"110":{"start":{"line":200,"column":4},"end":{"line":202,"column":5}},"111":{"start":{"line":201,"column":8},"end":{"line":201,"column":71}},"112":{"start":{"line":204,"column":4},"end":{"line":206,"column":5}},"113":{"start":{"line":205,"column":8},"end":{"line":205,"column":84}},"114":{"start":{"line":208,"column":4},"end":{"line":213,"column":5}},"115":{"start":{"line":209,"column":8},"end":{"line":209,"column":34}},"116":{"start":{"line":210,"column":8},"end":{"line":210,"column":43}},"117":{"start":{"line":212,"column":8},"end":{"line":212,"column":60}},"118":{"start":{"line":216,"column":26},"end":{"line":216,"column":70}},"119":{"start":{"line":217,"column":4},"end":{"line":261,"column":7}},"120":{"start":{"line":218,"column":8},"end":{"line":220,"column":9}},"121":{"start":{"line":219,"column":12},"end":{"line":219,"column":65}},"122":{"start":{"line":221,"column":8},"end":{"line":223,"column":9}},"123":{"start":{"line":222,"column":12},"end":{"line":222,"column":94}},"124":{"start":{"line":226,"column":26},"end":{"line":226,"column":78}},"125":{"start":{"line":227,"column":8},"end":{"line":260,"column":11}},"126":{"start":{"line":228,"column":12},"end":{"line":230,"column":13}},"127":{"start":{"line":229,"column":16},"end":{"line":229,"column":69}},"128":{"start":{"line":231,"column":12},"end":{"line":233,"column":13}},"129":{"start":{"line":232,"column":16},"end":{"line":232,"column":104}},"130":{"start":{"line":236,"column":24},"end":{"line":236,"column":83}},"131":{"start":{"line":237,"column":12},"end":{"line":259,"column":15}},"132":{"start":{"line":238,"column":16},"end":{"line":240,"column":17}},"133":{"start":{"line":239,"column":20},"end":{"line":239,"column":73}},"134":{"start":{"line":241,"column":31},"end":{"line":241,"column":42}},"135":{"start":{"line":244,"column":36},"end":{"line":244,"column":90}},"136":{"start":{"line":245,"column":16},"end":{"line":258,"column":19}},"137":{"start":{"line":246,"column":20},"end":{"line":248,"column":21}},"138":{"start":{"line":247,"column":24},"end":{"line":247,"column":77}},"139":{"start":{"line":251,"column":46},"end":{"line":251,"column":97}},"140":{"start":{"line":252,"column":20},"end":{"line":257,"column":23}},"141":{"start":{"line":253,"column":24},"end":{"line":255,"column":25}},"142":{"start":{"line":254,"column":28},"end":{"line":254,"column":81}},"143":{"start":{"line":256,"column":24},"end":{"line":256,"column":107}},"144":{"start":{"line":264,"column":0},"end":{"line":299,"column":1}},"145":{"start":{"line":265,"column":20},"end":{"line":265,"column":48}},"146":{"start":{"line":266,"column":45},"end":{"line":266,"column":53}},"147":{"start":{"line":268,"column":4},"end":{"line":297,"column":5}},"148":{"start":{"line":269,"column":8},"end":{"line":273,"column":9}},"149":{"start":{"line":270,"column":12},"end":{"line":270,"column":47}},"150":{"start":{"line":272,"column":12},"end":{"line":272,"column":57}},"151":{"start":{"line":275,"column":20},"end":{"line":275,"column":59}},"152":{"start":{"line":276,"column":8},"end":{"line":295,"column":11}},"153":{"start":{"line":277,"column":12},"end":{"line":279,"column":13}},"154":{"start":{"line":278,"column":16},"end":{"line":278,"column":69}},"155":{"start":{"line":280,"column":12},"end":{"line":294,"column":13}},"156":{"start":{"line":281,"column":37},"end":{"line":281,"column":112}},"157":{"start":{"line":282,"column":16},"end":{"line":291,"column":19}},"158":{"start":{"line":283,"column":20},"end":{"line":285,"column":21}},"159":{"start":{"line":284,"column":24},"end":{"line":284,"column":77}},"160":{"start":{"line":286,"column":20},"end":{"line":290,"column":21}},"161":{"start":{"line":287,"column":24},"end":{"line":287,"column":80}},"162":{"start":{"line":289,"column":24},"end":{"line":289,"column":80}},"163":{"start":{"line":293,"column":16},"end":{"line":293,"column":78}}},"fnMap":{"0":{"name":"(anonymous_0)","decl":{"start":{"line":5,"column":21},"end":{"line":5,"column":22}},"loc":{"start":{"line":5,"column":35},"end":{"line":16,"column":1}},"line":5},"1":{"name":"(anonymous_1)","decl":{"start":{"line":8,"column":20},"end":{"line":8,"column":21}},"loc":{"start":{"line":8,"column":35},"end":{"line":15,"column":5}},"line":8},"2":{"name":"(anonymous_2)","decl":{"start":{"line":18,"column":24},"end":{"line":18,"column":25}},"loc":{"start":{"line":18,"column":38},"end":{"line":31,"column":1}},"line":18},"3":{"name":"(anonymous_3)","decl":{"start":{"line":21,"column":22},"end":{"line":21,"column":23}},"loc":{"start":{"line":21,"column":37},"end":{"line":30,"column":5}},"line":21},"4":{"name":"(anonymous_4)","decl":{"start":{"line":33,"column":25},"end":{"line":33,"column":26}},"loc":{"start":{"line":33,"column":39},"end":{"line":79,"column":1}},"line":33},"5":{"name":"(anonymous_5)","decl":{"start":{"line":50,"column":54},"end":{"line":50,"column":55}},"loc":{"start":{"line":50,"column":72},"end":{"line":74,"column":9}},"line":50},"6":{"name":"(anonymous_6)","decl":{"start":{"line":63,"column":43},"end":{"line":63,"column":44}},"loc":{"start":{"line":63,"column":57},"end":{"line":73,"column":13}},"line":63},"7":{"name":"(anonymous_7)","decl":{"start":{"line":81,"column":25},"end":{"line":81,"column":26}},"loc":{"start":{"line":81,"column":39},"end":{"line":118,"column":1}},"line":81},"8":{"name":"(anonymous_8)","decl":{"start":{"line":100,"column":32},"end":{"line":100,"column":33}},"loc":{"start":{"line":100,"column":51},"end":{"line":117,"column":5}},"line":100},"9":{"name":"(anonymous_9)","decl":{"start":{"line":108,"column":68},"end":{"line":108,"column":69}},"loc":{"start":{"line":108,"column":82},"end":{"line":113,"column":13}},"line":108},"10":{"name":"(anonymous_10)","decl":{"start":{"line":121,"column":24},"end":{"line":121,"column":25}},"loc":{"start":{"line":121,"column":46},"end":{"line":133,"column":1}},"line":121},"11":{"name":"(anonymous_11)","decl":{"start":{"line":123,"column":26},"end":{"line":123,"column":27}},"loc":{"start":{"line":123,"column":40},"end":{"line":132,"column":5}},"line":123},"12":{"name":"(anonymous_12)","decl":{"start":{"line":135,"column":29},"end":{"line":135,"column":30}},"loc":{"start":{"line":135,"column":43},"end":{"line":149,"column":1}},"line":135},"13":{"name":"(anonymous_13)","decl":{"start":{"line":139,"column":35},"end":{"line":139,"column":36}},"loc":{"start":{"line":139,"column":54},"end":{"line":148,"column":5}},"line":139},"14":{"name":"(anonymous_14)","decl":{"start":{"line":151,"column":20},"end":{"line":151,"column":21}},"loc":{"start":{"line":151,"column":46},"end":{"line":163,"column":1}},"line":151},"15":{"name":"(anonymous_15)","decl":{"start":{"line":153,"column":30},"end":{"line":153,"column":31}},"loc":{"start":{"line":153,"column":44},"end":{"line":162,"column":5}},"line":153},"16":{"name":"(anonymous_16)","decl":{"start":{"line":165,"column":27},"end":{"line":165,"column":28}},"loc":{"start":{"line":165,"column":41},"end":{"line":193,"column":1}},"line":165},"17":{"name":"(anonymous_17)","decl":{"start":{"line":180,"column":31},"end":{"line":180,"column":32}},"loc":{"start":{"line":180,"column":46},"end":{"line":192,"column":5}},"line":180},"18":{"name":"(anonymous_18)","decl":{"start":{"line":186,"column":47},"end":{"line":186,"column":48}},"loc":{"start":{"line":186,"column":61},"end":{"line":191,"column":9}},"line":186},"19":{"name":"(anonymous_19)","decl":{"start":{"line":195,"column":24},"end":{"line":195,"column":25}},"loc":{"start":{"line":195,"column":38},"end":{"line":262,"column":1}},"line":195},"20":{"name":"(anonymous_20)","decl":{"start":{"line":217,"column":40},"end":{"line":217,"column":41}},"loc":{"start":{"line":217,"column":59},"end":{"line":261,"column":5}},"line":217},"21":{"name":"(anonymous_21)","decl":{"start":{"line":227,"column":44},"end":{"line":227,"column":45}},"loc":{"start":{"line":227,"column":59},"end":{"line":260,"column":9}},"line":227},"22":{"name":"(anonymous_22)","decl":{"start":{"line":237,"column":48},"end":{"line":237,"column":49}},"loc":{"start":{"line":237,"column":63},"end":{"line":259,"column":13}},"line":237},"23":{"name":"(anonymous_23)","decl":{"start":{"line":245,"column":58},"end":{"line":245,"column":59}},"loc":{"start":{"line":245,"column":73},"end":{"line":258,"column":17}},"line":245},"24":{"name":"(anonymous_24)","decl":{"start":{"line":252,"column":60},"end":{"line":252,"column":61}},"loc":{"start":{"line":252,"column":75},"end":{"line":257,"column":21}},"line":252},"25":{"name":"(anonymous_25)","decl":{"start":{"line":264,"column":24},"end":{"line":264,"column":25}},"loc":{"start":{"line":264,"column":37},"end":{"line":299,"column":1}},"line":264},"26":{"name":"(anonymous_26)","decl":{"start":{"line":276,"column":34},"end":{"line":276,"column":35}},"loc":{"start":{"line":276,"column":53},"end":{"line":295,"column":9}},"line":276},"27":{"name":"(anonymous_27)","decl":{"start":{"line":282,"column":84},"end":{"line":282,"column":85}},"loc":{"start":{"line":282,"column":98},"end":{"line":291,"column":17}},"line":282}},"branchMap":{"0":{"loc":{"start":{"line":9,"column":8},"end":{"line":12,"column":9}},"type":"if","locations":[{"start":{"line":9,"column":8},"end":{"line":12,"column":9}},{"start":{},"end":{}}],"line":9},"1":{"loc":{"start":{"line":22,"column":8},"end":{"line":24,"column":9}},"type":"if","locations":[{"start":{"line":22,"column":8},"end":{"line":24,"column":9}},{"start":{},"end":{}}],"line":22},"2":{"loc":{"start":{"line":25,"column":8},"end":{"line":29,"column":9}},"type":"if","locations":[{"start":{"line":25,"column":8},"end":{"line":29,"column":9}},{"start":{"line":27,"column":15},"end":{"line":29,"column":9}}],"line":25},"3":{"loc":{"start":{"line":51,"column":12},"end":{"line":53,"column":13}},"type":"if","locations":[{"start":{"line":51,"column":12},"end":{"line":53,"column":13}},{"start":{},"end":{}}],"line":51},"4":{"loc":{"start":{"line":55,"column":12},"end":{"line":59,"column":13}},"type":"if","locations":[{"start":{"line":55,"column":12},"end":{"line":59,"column":13}},{"start":{},"end":{}}],"line":55},"5":{"loc":{"start":{"line":64,"column":16},"end":{"line":66,"column":17}},"type":"if","locations":[{"start":{"line":64,"column":16},"end":{"line":66,"column":17}},{"start":{},"end":{}}],"line":64},"6":{"loc":{"start":{"line":68,"column":16},"end":{"line":72,"column":17}},"type":"if","locations":[{"start":{"line":68,"column":16},"end":{"line":72,"column":17}},{"start":{"line":70,"column":23},"end":{"line":72,"column":17}}],"line":68},"7":{"loc":{"start":{"line":85,"column":4},"end":{"line":87,"column":5}},"type":"if","locations":[{"start":{"line":85,"column":4},"end":{"line":87,"column":5}},{"start":{},"end":{}}],"line":85},"8":{"loc":{"start":{"line":89,"column":4},"end":{"line":91,"column":5}},"type":"if","locations":[{"start":{"line":89,"column":4},"end":{"line":91,"column":5}},{"start":{},"end":{}}],"line":89},"9":{"loc":{"start":{"line":92,"column":4},"end":{"line":94,"column":5}},"type":"if","locations":[{"start":{"line":92,"column":4},"end":{"line":94,"column":5}},{"start":{},"end":{}}],"line":92},"10":{"loc":{"start":{"line":101,"column":8},"end":{"line":104,"column":9}},"type":"if","locations":[{"start":{"line":101,"column":8},"end":{"line":104,"column":9}},{"start":{},"end":{}}],"line":101},"11":{"loc":{"start":{"line":103,"column":30},"end":{"line":103,"column":47}},"type":"binary-expr","locations":[{"start":{"line":103,"column":30},"end":{"line":103,"column":40}},{"start":{"line":103,"column":44},"end":{"line":103,"column":47}}],"line":103},"12":{"loc":{"start":{"line":106,"column":8},"end":{"line":116,"column":9}},"type":"if","locations":[{"start":{"line":106,"column":8},"end":{"line":116,"column":9}},{"start":{"line":114,"column":15},"end":{"line":116,"column":9}}],"line":106},"13":{"loc":{"start":{"line":109,"column":16},"end":{"line":111,"column":17}},"type":"if","locations":[{"start":{"line":109,"column":16},"end":{"line":111,"column":17}},{"start":{},"end":{}}],"line":109},"14":{"loc":{"start":{"line":124,"column":8},"end":{"line":126,"column":9}},"type":"if","locations":[{"start":{"line":124,"column":8},"end":{"line":126,"column":9}},{"start":{},"end":{}}],"line":124},"15":{"loc":{"start":{"line":127,"column":8},"end":{"line":131,"column":9}},"type":"if","locations":[{"start":{"line":127,"column":8},"end":{"line":131,"column":9}},{"start":{"line":129,"column":15},"end":{"line":131,"column":9}}],"line":127},"16":{"loc":{"start":{"line":140,"column":8},"end":{"line":142,"column":9}},"type":"if","locations":[{"start":{"line":140,"column":8},"end":{"line":142,"column":9}},{"start":{},"end":{}}],"line":140},"17":{"loc":{"start":{"line":141,"column":30},"end":{"line":141,"column":47}},"type":"binary-expr","locations":[{"start":{"line":141,"column":30},"end":{"line":141,"column":40}},{"start":{"line":141,"column":44},"end":{"line":141,"column":47}}],"line":141},"18":{"loc":{"start":{"line":143,"column":8},"end":{"line":147,"column":9}},"type":"if","locations":[{"start":{"line":143,"column":8},"end":{"line":147,"column":9}},{"start":{"line":145,"column":15},"end":{"line":147,"column":9}}],"line":143},"19":{"loc":{"start":{"line":154,"column":8},"end":{"line":156,"column":9}},"type":"if","locations":[{"start":{"line":154,"column":8},"end":{"line":156,"column":9}},{"start":{},"end":{}}],"line":154},"20":{"loc":{"start":{"line":157,"column":8},"end":{"line":161,"column":9}},"type":"if","locations":[{"start":{"line":157,"column":8},"end":{"line":161,"column":9}},{"start":{"line":159,"column":15},"end":{"line":161,"column":9}}],"line":157},"21":{"loc":{"start":{"line":168,"column":4},"end":{"line":170,"column":5}},"type":"if","locations":[{"start":{"line":168,"column":4},"end":{"line":170,"column":5}},{"start":{},"end":{}}],"line":168},"22":{"loc":{"start":{"line":172,"column":4},"end":{"line":174,"column":5}},"type":"if","locations":[{"start":{"line":172,"column":4},"end":{"line":174,"column":5}},{"start":{},"end":{}}],"line":172},"23":{"loc":{"start":{"line":181,"column":8},"end":{"line":183,"column":9}},"type":"if","locations":[{"start":{"line":181,"column":8},"end":{"line":183,"column":9}},{"start":{},"end":{}}],"line":181},"24":{"loc":{"start":{"line":182,"column":30},"end":{"line":182,"column":47}},"type":"binary-expr","locations":[{"start":{"line":182,"column":30},"end":{"line":182,"column":40}},{"start":{"line":182,"column":44},"end":{"line":182,"column":47}}],"line":182},"25":{"loc":{"start":{"line":187,"column":12},"end":{"line":189,"column":13}},"type":"if","locations":[{"start":{"line":187,"column":12},"end":{"line":189,"column":13}},{"start":{},"end":{}}],"line":187},"26":{"loc":{"start":{"line":200,"column":4},"end":{"line":202,"column":5}},"type":"if","locations":[{"start":{"line":200,"column":4},"end":{"line":202,"column":5}},{"start":{},"end":{}}],"line":200},"27":{"loc":{"start":{"line":204,"column":4},"end":{"line":206,"column":5}},"type":"if","locations":[{"start":{"line":204,"column":4},"end":{"line":206,"column":5}},{"start":{},"end":{}}],"line":204},"28":{"loc":{"start":{"line":204,"column":8},"end":{"line":204,"column":71}},"type":"binary-expr","locations":[{"start":{"line":204,"column":8},"end":{"line":204,"column":25}},{"start":{"line":204,"column":29},"end":{"line":204,"column":50}},{"start":{"line":204,"column":54},"end":{"line":204,"column":71}}],"line":204},"29":{"loc":{"start":{"line":218,"column":8},"end":{"line":220,"column":9}},"type":"if","locations":[{"start":{"line":218,"column":8},"end":{"line":220,"column":9}},{"start":{},"end":{}}],"line":218},"30":{"loc":{"start":{"line":221,"column":8},"end":{"line":223,"column":9}},"type":"if","locations":[{"start":{"line":221,"column":8},"end":{"line":223,"column":9}},{"start":{},"end":{}}],"line":221},"31":{"loc":{"start":{"line":228,"column":12},"end":{"line":230,"column":13}},"type":"if","locations":[{"start":{"line":228,"column":12},"end":{"line":230,"column":13}},{"start":{},"end":{}}],"line":228},"32":{"loc":{"start":{"line":231,"column":12},"end":{"line":233,"column":13}},"type":"if","locations":[{"start":{"line":231,"column":12},"end":{"line":233,"column":13}},{"start":{},"end":{}}],"line":231},"33":{"loc":{"start":{"line":238,"column":16},"end":{"line":240,"column":17}},"type":"if","locations":[{"start":{"line":238,"column":16},"end":{"line":240,"column":17}},{"start":{},"end":{}}],"line":238},"34":{"loc":{"start":{"line":246,"column":20},"end":{"line":248,"column":21}},"type":"if","locations":[{"start":{"line":246,"column":20},"end":{"line":248,"column":21}},{"start":{},"end":{}}],"line":246},"35":{"loc":{"start":{"line":253,"column":24},"end":{"line":255,"column":25}},"type":"if","locations":[{"start":{"line":253,"column":24},"end":{"line":255,"column":25}},{"start":{},"end":{}}],"line":253},"36":{"loc":{"start":{"line":268,"column":4},"end":{"line":297,"column":5}},"type":"if","locations":[{"start":{"line":268,"column":4},"end":{"line":297,"column":5}},{"start":{},"end":{}}],"line":268},"37":{"loc":{"start":{"line":277,"column":12},"end":{"line":279,"column":13}},"type":"if","locations":[{"start":{"line":277,"column":12},"end":{"line":279,"column":13}},{"start":{},"end":{}}],"line":277},"38":{"loc":{"start":{"line":280,"column":12},"end":{"line":294,"column":13}},"type":"if","locations":[{"start":{"line":280,"column":12},"end":{"line":294,"column":13}},{"start":{"line":292,"column":19},"end":{"line":294,"column":13}}],"line":280},"39":{"loc":{"start":{"line":283,"column":20},"end":{"line":285,"column":21}},"type":"if","locations":[{"start":{"line":283,"column":20},"end":{"line":285,"column":21}},{"start":{},"end":{}}],"line":283},"40":{"loc":{"start":{"line":286,"column":20},"end":{"line":290,"column":21}},"type":"if","locations":[{"start":{"line":286,"column":20},"end":{"line":290,"column":21}},{"start":{"line":288,"column":27},"end":{"line":290,"column":21}}],"line":286}},"s":{"0":1,"1":1,"2":1,"3":1,"4":0,"5":0,"6":0,"7":0,"8":0,"9":0,"10":0,"11":0,"12":1,"13":0,"14":0,"15":0,"16":0,"17":0,"18":0,"19":0,"20":0,"21":1,"22":0,"23":0,"24":0,"25":0,"26":0,"27":0,"28":0,"29":0,"30":0,"31":0,"32":0,"33":0,"34":0,"35":0,"36":0,"37":0,"38":0,"39":0,"40":0,"41":1,"42":4,"43":4,"44":4,"45":4,"46":1,"47":3,"48":0,"49":3,"50":0,"51":3,"52":3,"53":3,"54":3,"55":3,"56":1,"57":1,"58":2,"59":1,"60":1,"61":1,"62":0,"63":1,"64":1,"65":1,"66":3,"67":3,"68":3,"69":0,"70":3,"71":2,"72":1,"73":1,"74":0,"75":0,"76":0,"77":0,"78":0,"79":0,"80":0,"81":0,"82":0,"83":1,"84":3,"85":3,"86":3,"87":0,"88":3,"89":3,"90":0,"91":1,"92":3,"93":3,"94":0,"95":3,"96":0,"97":3,"98":3,"99":3,"100":3,"101":0,"102":3,"103":3,"104":3,"105":2,"106":1,"107":1,"108":4,"109":4,"110":4,"111":1,"112":3,"113":1,"114":2,"115":2,"116":2,"117":0,"118":2,"119":2,"120":2,"121":0,"122":2,"123":1,"124":1,"125":1,"126":1,"127":0,"128":1,"129":0,"130":1,"131":1,"132":1,"133":0,"134":1,"135":1,"136":1,"137":1,"138":0,"139":1,"140":1,"141":1,"142":0,"143":1,"144":1,"145":0,"146":0,"147":0,"148":0,"149":0,"150":0,"151":0,"152":0,"153":0,"154":0,"155":0,"156":0,"157":0,"158":0,"159":0,"160":0,"161":0,"162":0,"163":0},"f":{"0":0,"1":0,"2":0,"3":0,"4":0,"5":0,"6":0,"7":4,"8":3,"9":1,"10":3,"11":3,"12":0,"13":0,"14":3,"15":3,"16":3,"17":3,"18":3,"19":4,"20":2,"21":1,"22":1,"23":1,"24":1,"25":0,"26":0,"27":0},"b":{"0":[0,0],"1":[0,0],"2":[0,0],"3":[0,0],"4":[0,0],"5":[0,0],"6":[0,0],"7":[1,3],"8":[0,3],"9":[0,3],"10":[1,2],"11":[1,0],"12":[1,1],"13":[0,1],"14":[0,3],"15":[2,1],"16":[0,0],"17":[0,0],"18":[0,0],"19":[0,3],"20":[3,0],"21":[0,3],"22":[0,3],"23":[0,3],"24":[0,0],"25":[2,1],"26":[1,3],"27":[1,2],"28":[3,2,2],"29":[0,2],"30":[1,1],"31":[0,1],"32":[0,1],"33":[0,1],"34":[0,1],"35":[0,1],"36":[0,0],"37":[0,0],"38":[0,0],"39":[0,0],"40":[0,0]},"_coverageSchema":"1a1c01bbd47fc00a2c39e90264f33305004495a9","hash":"17f35039c0b1ec56e36f4cc5d39d19668e0ac0e1"}
,"C:\\Users\\liveh\\OneDrive\\Faculdade\\Ultimo Ano\\Projeto Italo\\ES\\ES\\controllers\\usuariosController.js": {"path":"C:\\Users\\liveh\\OneDrive\\Faculdade\\Ultimo Ano\\Projeto Italo\\ES\\ES\\controllers\\usuariosController.js","statementMap":{"0":{"start":{"line":1,"column":11},"end":{"line":1,"column":30}},"1":{"start":{"line":2,"column":13},"end":{"line":2,"column":48}},"2":{"start":{"line":7,"column":0},"end":{"line":15,"column":2}},"3":{"start":{"line":8,"column":16},"end":{"line":8,"column":40}},"4":{"start":{"line":9,"column":4},"end":{"line":14,"column":7}},"5":{"start":{"line":10,"column":8},"end":{"line":12,"column":9}},"6":{"start":{"line":11,"column":12},"end":{"line":11,"column":65}},"7":{"start":{"line":13,"column":8},"end":{"line":13,"column":39}},"8":{"start":{"line":17,"column":0},"end":{"line":40,"column":2}},"9":{"start":{"line":18,"column":16},"end":{"line":18,"column":44}},"10":{"start":{"line":19,"column":4},"end":{"line":19,"column":30}},"11":{"start":{"line":20,"column":4},"end":{"line":20,"column":52}},"12":{"start":{"line":21,"column":4},"end":{"line":23,"column":5}},"13":{"start":{"line":22,"column":8},"end":{"line":22,"column":66}},"14":{"start":{"line":24,"column":4},"end":{"line":24,"column":31}},"15":{"start":{"line":25,"column":4},"end":{"line":25,"column":29}},"16":{"start":{"line":26,"column":4},"end":{"line":26,"column":28}},"17":{"start":{"line":27,"column":16},"end":{"line":27,"column":53}},"18":{"start":{"line":28,"column":4},"end":{"line":39,"column":7}},"19":{"start":{"line":29,"column":8},"end":{"line":31,"column":9}},"20":{"start":{"line":30,"column":12},"end":{"line":30,"column":65}},"21":{"start":{"line":32,"column":8},"end":{"line":38,"column":9}},"22":{"start":{"line":33,"column":12},"end":{"line":33,"column":46}},"23":{"start":{"line":34,"column":12},"end":{"line":34,"column":29}},"24":{"start":{"line":35,"column":12},"end":{"line":35,"column":41}},"25":{"start":{"line":37,"column":12},"end":{"line":37,"column":71}},"26":{"start":{"line":43,"column":0},"end":{"line":90,"column":2}},"27":{"start":{"line":44,"column":4},"end":{"line":44,"column":69}},"28":{"start":{"line":46,"column":4},"end":{"line":89,"column":5}},"29":{"start":{"line":47,"column":49},"end":{"line":47,"column":57}},"30":{"start":{"line":50,"column":8},"end":{"line":54,"column":9}},"31":{"start":{"line":51,"column":12},"end":{"line":53,"column":15}},"32":{"start":{"line":56,"column":8},"end":{"line":60,"column":9}},"33":{"start":{"line":57,"column":12},"end":{"line":59,"column":15}},"34":{"start":{"line":62,"column":31},"end":{"line":62,"column":62}},"35":{"start":{"line":64,"column":20},"end":{"line":64,"column":110}},"36":{"start":{"line":66,"column":8},"end":{"line":82,"column":11}},"37":{"start":{"line":67,"column":12},"end":{"line":77,"column":13}},"38":{"start":{"line":69,"column":16},"end":{"line":73,"column":17}},"39":{"start":{"line":70,"column":20},"end":{"line":72,"column":23}},"40":{"start":{"line":74,"column":16},"end":{"line":76,"column":19}},"41":{"start":{"line":78,"column":12},"end":{"line":81,"column":15}},"42":{"start":{"line":85,"column":8},"end":{"line":85,"column":55}},"43":{"start":{"line":86,"column":8},"end":{"line":88,"column":11}},"44":{"start":{"line":95,"column":0},"end":{"line":108,"column":2}},"45":{"start":{"line":96,"column":19},"end":{"line":96,"column":29}},"46":{"start":{"line":97,"column":16},"end":{"line":97,"column":53}},"47":{"start":{"line":98,"column":4},"end":{"line":107,"column":7}},"48":{"start":{"line":99,"column":8},"end":{"line":101,"column":9}},"49":{"start":{"line":100,"column":12},"end":{"line":100,"column":65}},"50":{"start":{"line":102,"column":8},"end":{"line":106,"column":9}},"51":{"start":{"line":103,"column":12},"end":{"line":103,"column":41}},"52":{"start":{"line":105,"column":12},"end":{"line":105,"column":71}},"53":{"start":{"line":111,"column":0},"end":{"line":136,"column":2}},"54":{"start":{"line":112,"column":4},"end":{"line":112,"column":69}},"55":{"start":{"line":113,"column":35},"end":{"line":113,"column":43}},"56":{"start":{"line":114,"column":16},"end":{"line":114,"column":56}},"57":{"start":{"line":116,"column":4},"end":{"line":135,"column":5}},"58":{"start":{"line":118,"column":20},"end":{"line":125,"column":10}},"59":{"start":{"line":119,"column":12},"end":{"line":124,"column":15}},"60":{"start":{"line":120,"column":16},"end":{"line":122,"column":17}},"61":{"start":{"line":121,"column":20},"end":{"line":121,"column":39}},"62":{"start":{"line":123,"column":16},"end":{"line":123,"column":29}},"63":{"start":{"line":127,"column":8},"end":{"line":132,"column":9}},"64":{"start":{"line":128,"column":30},"end":{"line":128,"column":67}},"65":{"start":{"line":129,"column":12},"end":{"line":129,"column":41}},"66":{"start":{"line":131,"column":12},"end":{"line":131,"column":71}},"67":{"start":{"line":134,"column":8},"end":{"line":134,"column":56}},"68":{"start":{"line":140,"column":0},"end":{"line":158,"column":2}},"69":{"start":{"line":141,"column":51},"end":{"line":141,"column":59}},"70":{"start":{"line":142,"column":17},"end":{"line":142,"column":45}},"71":{"start":{"line":143,"column":4},"end":{"line":157,"column":5}},"72":{"start":{"line":144,"column":8},"end":{"line":144,"column":33}},"73":{"start":{"line":146,"column":20},"end":{"line":146,"column":106}},"74":{"start":{"line":147,"column":8},"end":{"line":156,"column":11}},"75":{"start":{"line":148,"column":12},"end":{"line":150,"column":13}},"76":{"start":{"line":149,"column":16},"end":{"line":149,"column":69}},"77":{"start":{"line":151,"column":12},"end":{"line":155,"column":13}},"78":{"start":{"line":152,"column":16},"end":{"line":152,"column":75}},"79":{"start":{"line":154,"column":16},"end":{"line":154,"column":75}},"80":{"start":{"line":161,"column":0},"end":{"line":188,"column":2}},"81":{"start":{"line":162,"column":17},"end":{"line":162,"column":45}},"82":{"start":{"line":165,"column":4},"end":{"line":187,"column":5}},"83":{"start":{"line":167,"column":8},"end":{"line":171,"column":9}},"84":{"start":{"line":168,"column":12},"end":{"line":168,"column":37}},"85":{"start":{"line":170,"column":12},"end":{"line":170,"column":57}},"86":{"start":{"line":173,"column":26},"end":{"line":173,"column":34}},"87":{"start":{"line":174,"column":31},"end":{"line":174,"column":62}},"88":{"start":{"line":176,"column":20},"end":{"line":176,"column":64}},"89":{"start":{"line":177,"column":8},"end":{"line":186,"column":11}},"90":{"start":{"line":178,"column":12},"end":{"line":180,"column":13}},"91":{"start":{"line":179,"column":16},"end":{"line":179,"column":69}},"92":{"start":{"line":181,"column":12},"end":{"line":185,"column":13}},"93":{"start":{"line":182,"column":16},"end":{"line":182,"column":75}},"94":{"start":{"line":184,"column":16},"end":{"line":184,"column":75}},"95":{"start":{"line":191,"column":0},"end":{"line":204,"column":2}},"96":{"start":{"line":192,"column":19},"end":{"line":192,"column":29}},"97":{"start":{"line":193,"column":16},"end":{"line":193,"column":51}},"98":{"start":{"line":194,"column":4},"end":{"line":203,"column":7}},"99":{"start":{"line":195,"column":8},"end":{"line":197,"column":9}},"100":{"start":{"line":196,"column":12},"end":{"line":196,"column":65}},"101":{"start":{"line":198,"column":8},"end":{"line":202,"column":9}},"102":{"start":{"line":199,"column":12},"end":{"line":199,"column":69}},"103":{"start":{"line":201,"column":12},"end":{"line":201,"column":71}}},"fnMap":{"0":{"name":"(anonymous_0)","decl":{"start":{"line":7,"column":25},"end":{"line":7,"column":26}},"loc":{"start":{"line":7,"column":39},"end":{"line":15,"column":1}},"line":7},"1":{"name":"(anonymous_1)","decl":{"start":{"line":9,"column":20},"end":{"line":9,"column":21}},"loc":{"start":{"line":9,"column":35},"end":{"line":14,"column":5}},"line":9},"2":{"name":"(anonymous_2)","decl":{"start":{"line":17,"column":31},"end":{"line":17,"column":32}},"loc":{"start":{"line":17,"column":45},"end":{"line":40,"column":1}},"line":17},"3":{"name":"(anonymous_3)","decl":{"start":{"line":28,"column":22},"end":{"line":28,"column":23}},"loc":{"start":{"line":28,"column":36},"end":{"line":39,"column":5}},"line":28},"4":{"name":"(anonymous_4)","decl":{"start":{"line":43,"column":23},"end":{"line":43,"column":24}},"loc":{"start":{"line":43,"column":43},"end":{"line":90,"column":1}},"line":43},"5":{"name":"(anonymous_5)","decl":{"start":{"line":66,"column":61},"end":{"line":66,"column":62}},"loc":{"start":{"line":66,"column":75},"end":{"line":82,"column":9}},"line":66},"6":{"name":"(anonymous_6)","decl":{"start":{"line":95,"column":28},"end":{"line":95,"column":29}},"loc":{"start":{"line":95,"column":42},"end":{"line":108,"column":1}},"line":95},"7":{"name":"(anonymous_7)","decl":{"start":{"line":98,"column":22},"end":{"line":98,"column":23}},"loc":{"start":{"line":98,"column":36},"end":{"line":107,"column":5}},"line":98},"8":{"name":"(anonymous_8)","decl":{"start":{"line":111,"column":23},"end":{"line":111,"column":24}},"loc":{"start":{"line":111,"column":43},"end":{"line":136,"column":1}},"line":111},"9":{"name":"(anonymous_9)","decl":{"start":{"line":118,"column":38},"end":{"line":118,"column":39}},"loc":{"start":{"line":118,"column":59},"end":{"line":125,"column":9}},"line":118},"10":{"name":"(anonymous_10)","decl":{"start":{"line":119,"column":33},"end":{"line":119,"column":34}},"loc":{"start":{"line":119,"column":47},"end":{"line":124,"column":13}},"line":119},"11":{"name":"(anonymous_11)","decl":{"start":{"line":140,"column":27},"end":{"line":140,"column":28}},"loc":{"start":{"line":140,"column":41},"end":{"line":158,"column":1}},"line":140},"12":{"name":"(anonymous_12)","decl":{"start":{"line":147,"column":63},"end":{"line":147,"column":64}},"loc":{"start":{"line":147,"column":77},"end":{"line":156,"column":9}},"line":147},"13":{"name":"(anonymous_13)","decl":{"start":{"line":161,"column":32},"end":{"line":161,"column":33}},"loc":{"start":{"line":161,"column":52},"end":{"line":188,"column":1}},"line":161},"14":{"name":"(anonymous_14)","decl":{"start":{"line":177,"column":42},"end":{"line":177,"column":43}},"loc":{"start":{"line":177,"column":56},"end":{"line":186,"column":9}},"line":177},"15":{"name":"(anonymous_15)","decl":{"start":{"line":191,"column":25},"end":{"line":191,"column":26}},"loc":{"start":{"line":191,"column":39},"end":{"line":204,"column":1}},"line":191},"16":{"name":"(anonymous_16)","decl":{"start":{"line":194,"column":22},"end":{"line":194,"column":23}},"loc":{"start":{"line":194,"column":36},"end":{"line":203,"column":5}},"line":194}},"branchMap":{"0":{"loc":{"start":{"line":10,"column":8},"end":{"line":12,"column":9}},"type":"if","locations":[{"start":{"line":10,"column":8},"end":{"line":12,"column":9}},{"start":{},"end":{}}],"line":10},"1":{"loc":{"start":{"line":21,"column":4},"end":{"line":23,"column":5}},"type":"if","locations":[{"start":{"line":21,"column":4},"end":{"line":23,"column":5}},{"start":{},"end":{}}],"line":21},"2":{"loc":{"start":{"line":29,"column":8},"end":{"line":31,"column":9}},"type":"if","locations":[{"start":{"line":29,"column":8},"end":{"line":31,"column":9}},{"start":{},"end":{}}],"line":29},"3":{"loc":{"start":{"line":32,"column":8},"end":{"line":38,"column":9}},"type":"if","locations":[{"start":{"line":32,"column":8},"end":{"line":38,"column":9}},{"start":{"line":36,"column":15},"end":{"line":38,"column":9}}],"line":32},"4":{"loc":{"start":{"line":50,"column":8},"end":{"line":54,"column":9}},"type":"if","locations":[{"start":{"line":50,"column":8},"end":{"line":54,"column":9}},{"start":{},"end":{}}],"line":50},"5":{"loc":{"start":{"line":50,"column":12},"end":{"line":50,"column":50}},"type":"binary-expr","locations":[{"start":{"line":50,"column":12},"end":{"line":50,"column":17}},{"start":{"line":50,"column":21},"end":{"line":50,"column":27}},{"start":{"line":50,"column":31},"end":{"line":50,"column":37}},{"start":{"line":50,"column":41},"end":{"line":50,"column":50}}],"line":50},"6":{"loc":{"start":{"line":56,"column":8},"end":{"line":60,"column":9}},"type":"if","locations":[{"start":{"line":56,"column":8},"end":{"line":60,"column":9}},{"start":{},"end":{}}],"line":56},"7":{"loc":{"start":{"line":67,"column":12},"end":{"line":77,"column":13}},"type":"if","locations":[{"start":{"line":67,"column":12},"end":{"line":77,"column":13}},{"start":{},"end":{}}],"line":67},"8":{"loc":{"start":{"line":69,"column":16},"end":{"line":73,"column":17}},"type":"if","locations":[{"start":{"line":69,"column":16},"end":{"line":73,"column":17}},{"start":{},"end":{}}],"line":69},"9":{"loc":{"start":{"line":99,"column":8},"end":{"line":101,"column":9}},"type":"if","locations":[{"start":{"line":99,"column":8},"end":{"line":101,"column":9}},{"start":{},"end":{}}],"line":99},"10":{"loc":{"start":{"line":102,"column":8},"end":{"line":106,"column":9}},"type":"if","locations":[{"start":{"line":102,"column":8},"end":{"line":106,"column":9}},{"start":{"line":104,"column":15},"end":{"line":106,"column":9}}],"line":102},"11":{"loc":{"start":{"line":120,"column":16},"end":{"line":122,"column":17}},"type":"if","locations":[{"start":{"line":120,"column":16},"end":{"line":122,"column":17}},{"start":{},"end":{}}],"line":120},"12":{"loc":{"start":{"line":127,"column":8},"end":{"line":132,"column":9}},"type":"if","locations":[{"start":{"line":127,"column":8},"end":{"line":132,"column":9}},{"start":{"line":130,"column":15},"end":{"line":132,"column":9}}],"line":127},"13":{"loc":{"start":{"line":143,"column":4},"end":{"line":157,"column":5}},"type":"if","locations":[{"start":{"line":143,"column":4},"end":{"line":157,"column":5}},{"start":{},"end":{}}],"line":143},"14":{"loc":{"start":{"line":148,"column":12},"end":{"line":150,"column":13}},"type":"if","locations":[{"start":{"line":148,"column":12},"end":{"line":150,"column":13}},{"start":{},"end":{}}],"line":148},"15":{"loc":{"start":{"line":151,"column":12},"end":{"line":155,"column":13}},"type":"if","locations":[{"start":{"line":151,"column":12},"end":{"line":155,"column":13}},{"start":{"line":153,"column":19},"end":{"line":155,"column":13}}],"line":151},"16":{"loc":{"start":{"line":165,"column":4},"end":{"line":187,"column":5}},"type":"if","locations":[{"start":{"line":165,"column":4},"end":{"line":187,"column":5}},{"start":{},"end":{}}],"line":165},"17":{"loc":{"start":{"line":178,"column":12},"end":{"line":180,"column":13}},"type":"if","locations":[{"start":{"line":178,"column":12},"end":{"line":180,"column":13}},{"start":{},"end":{}}],"line":178},"18":{"loc":{"start":{"line":181,"column":12},"end":{"line":185,"column":13}},"type":"if","locations":[{"start":{"line":181,"column":12},"end":{"line":185,"column":13}},{"start":{"line":183,"column":19},"end":{"line":185,"column":13}}],"line":181},"19":{"loc":{"start":{"line":195,"column":8},"end":{"line":197,"column":9}},"type":"if","locations":[{"start":{"line":195,"column":8},"end":{"line":197,"column":9}},{"start":{},"end":{}}],"line":195},"20":{"loc":{"start":{"line":198,"column":8},"end":{"line":202,"column":9}},"type":"if","locations":[{"start":{"line":198,"column":8},"end":{"line":202,"column":9}},{"start":{"line":200,"column":15},"end":{"line":202,"column":9}}],"line":198}},"s":{"0":1,"1":1,"2":1,"3":0,"4":0,"5":0,"6":0,"7":0,"8":1,"9":0,"10":0,"11":0,"12":0,"13":0,"14":0,"15":0,"16":0,"17":0,"18":0,"19":0,"20":0,"21":0,"22":0,"23":0,"24":0,"25":0,"26":1,"27":4,"28":4,"29":4,"30":4,"31":1,"32":3,"33":1,"34":2,"35":2,"36":2,"37":2,"38":1,"39":1,"40":0,"41":1,"42":0,"43":0,"44":1,"45":0,"46":0,"47":0,"48":0,"49":0,"50":0,"51":0,"52":0,"53":1,"54":2,"55":2,"56":2,"57":2,"58":2,"59":2,"60":2,"61":0,"62":2,"63":2,"64":1,"65":1,"66":1,"67":0,"68":1,"69":0,"70":0,"71":0,"72":0,"73":0,"74":0,"75":0,"76":0,"77":0,"78":0,"79":0,"80":1,"81":0,"82":0,"83":0,"84":0,"85":0,"86":0,"87":0,"88":0,"89":0,"90":0,"91":0,"92":0,"93":0,"94":0,"95":1,"96":0,"97":0,"98":0,"99":0,"100":0,"101":0,"102":0,"103":0},"f":{"0":0,"1":0,"2":0,"3":0,"4":4,"5":2,"6":0,"7":0,"8":2,"9":2,"10":2,"11":0,"12":0,"13":0,"14":0,"15":0,"16":0},"b":{"0":[0,0],"1":[0,0],"2":[0,0],"3":[0,0],"4":[1,3],"5":[4,3,3,3],"6":[1,2],"7":[1,1],"8":[1,0],"9":[0,0],"10":[0,0],"11":[0,2],"12":[1,1],"13":[0,0],"14":[0,0],"15":[0,0],"16":[0,0],"17":[0,0],"18":[0,0],"19":[0,0],"20":[0,0]},"_coverageSchema":"1a1c01bbd47fc00a2c39e90264f33305004495a9","hash":"dd15afb15e1929f296aa86e8abbb0ee307069d33"}
,"C:\\Users\\liveh\\OneDrive\\Faculdade\\Ultimo Ano\\Projeto Italo\\ES\\ES\\db\\db.js": {"path":"C:\\Users\\liveh\\OneDrive\\Faculdade\\Ultimo Ano\\Projeto Italo\\ES\\ES\\db\\db.js","statementMap":{"0":{"start":{"line":2,"column":16},"end":{"line":2,"column":44}},"1":{"start":{"line":4,"column":9},"end":{"line":10,"column":2}},"2":{"start":{"line":5,"column":4},"end":{"line":9,"column":5}},"3":{"start":{"line":6,"column":8},"end":{"line":6,"column":35}},"4":{"start":{"line":8,"column":8},"end":{"line":8,"column":58}},"5":{"start":{"line":12,"column":0},"end":{"line":12,"column":20}}},"fnMap":{"0":{"name":"(anonymous_0)","decl":{"start":{"line":4,"column":146},"end":{"line":4,"column":147}},"loc":{"start":{"line":4,"column":155},"end":{"line":10,"column":1}},"line":4}},"branchMap":{"0":{"loc":{"start":{"line":5,"column":4},"end":{"line":9,"column":5}},"type":"if","locations":[{"start":{"line":5,"column":4},"end":{"line":9,"column":5}},{"start":{"line":7,"column":11},"end":{"line":9,"column":5}}],"line":5}},"s":{"0":1,"1":1,"2":1,"3":0,"4":1,"5":1},"f":{"0":1},"b":{"0":[0,1]},"_coverageSchema":"1a1c01bbd47fc00a2c39e90264f33305004495a9","hash":"df4675704501185637a62c73cfe3b72f48991054"}
,"C:\\Users\\liveh\\OneDrive\\Faculdade\\Ultimo Ano\\Projeto Italo\\ES\\ES\\routes\\negocio.js": {"path":"C:\\Users\\liveh\\OneDrive\\Faculdade\\Ultimo Ano\\Projeto Italo\\ES\\ES\\routes\\negocio.js","statementMap":{"0":{"start":{"line":1,"column":16},"end":{"line":1,"column":34}},"1":{"start":{"line":2,"column":15},"end":{"line":2,"column":31}},"2":{"start":{"line":3,"column":26},"end":{"line":3,"column":69}},"3":{"start":{"line":6,"column":0},"end":{"line":6,"column":46}},"4":{"start":{"line":7,"column":0},"end":{"line":7,"column":67}},"5":{"start":{"line":8,"column":0},"end":{"line":8,"column":57}},"6":{"start":{"line":9,"column":0},"end":{"line":9,"column":68}},"7":{"start":{"line":10,"column":0},"end":{"line":10,"column":63}},"8":{"start":{"line":11,"column":0},"end":{"line":11,"column":62}},"9":{"start":{"line":12,"column":0},"end":{"line":12,"column":52}},"10":{"start":{"line":13,"column":0},"end":{"line":13,"column":64}},"11":{"start":{"line":15,"column":0},"end":{"line":15,"column":24}}},"fnMap":{},"branchMap":{},"s":{"0":1,"1":1,"2":1,"3":1,"4":1,"5":1,"6":1,"7":1,"8":1,"9":1,"10":1,"11":1},"f":{},"b":{},"_coverageSchema":"1a1c01bbd47fc00a2c39e90264f33305004495a9","hash":"1582af1cb740554f0bc8cd6696ba6cc37044fc29"}
,"C:\\Users\\liveh\\OneDrive\\Faculdade\\Ultimo Ano\\Projeto Italo\\ES\\ES\\routes\\usuarios.js": {"path":"C:\\Users\\liveh\\OneDrive\\Faculdade\\Ultimo Ano\\Projeto Italo\\ES\\ES\\routes\\usuarios.js","statementMap":{"0":{"start":{"line":1,"column":16},"end":{"line":1,"column":34}},"1":{"start":{"line":2,"column":15},"end":{"line":2,"column":31}},"2":{"start":{"line":3,"column":27},"end":{"line":3,"column":71}},"3":{"start":{"line":8,"column":0},"end":{"line":8,"column":51}},"4":{"start":{"line":9,"column":0},"end":{"line":9,"column":50}},"5":{"start":{"line":10,"column":0},"end":{"line":10,"column":63}},"6":{"start":{"line":11,"column":0},"end":{"line":11,"column":55}},"7":{"start":{"line":12,"column":0},"end":{"line":12,"column":57}},"8":{"start":{"line":13,"column":0},"end":{"line":13,"column":62}},"9":{"start":{"line":14,"column":0},"end":{"line":14,"column":72}},"10":{"start":{"line":15,"column":0},"end":{"line":15,"column":57}},"11":{"start":{"line":17,"column":0},"end":{"line":17,"column":24}}},"fnMap":{},"branchMap":{},"s":{"0":1,"1":1,"2":1,"3":1,"4":1,"5":1,"6":1,"7":1,"8":1,"9":1,"10":1,"11":1},"f":{},"b":{},"_coverageSchema":"1a1c01bbd47fc00a2c39e90264f33305004495a9","hash":"a04b5cd8a6d1a26d7e4a356e2e1ec4767c716406"}
,"C:\\Users\\liveh\\OneDrive\\Faculdade\\Ultimo Ano\\Projeto Italo\\ES\\ES\\services\\autenticacao.js": {"path":"C:\\Users\\liveh\\OneDrive\\Faculdade\\Ultimo Ano\\Projeto Italo\\ES\\ES\\services\\autenticacao.js","statementMap":{"0":{"start":{"line":1,"column":15},"end":{"line":1,"column":34}},"1":{"start":{"line":2,"column":12},"end":{"line":2,"column":35}},"2":{"start":{"line":6,"column":18},"end":{"line":6,"column":33}},"3":{"start":{"line":10,"column":0},"end":{"line":13,"column":2}},"4":{"start":{"line":11,"column":22},"end":{"line":11,"column":50}},"5":{"start":{"line":12,"column":4},"end":{"line":12,"column":20}},"6":{"start":{"line":15,"column":0},"end":{"line":23,"column":2}},"7":{"start":{"line":16,"column":28},"end":{"line":16,"column":70}},"8":{"start":{"line":18,"column":4},"end":{"line":18,"column":61}},"9":{"start":{"line":18,"column":26},"end":{"line":18,"column":61}},"10":{"start":{"line":20,"column":18},"end":{"line":20,"column":100}},"11":{"start":{"line":21,"column":4},"end":{"line":21,"column":21}},"12":{"start":{"line":25,"column":0},"end":{"line":40,"column":2}},"13":{"start":{"line":26,"column":4},"end":{"line":28,"column":5}},"14":{"start":{"line":27,"column":8},"end":{"line":27,"column":48}},"15":{"start":{"line":30,"column":4},"end":{"line":39,"column":5}},"16":{"start":{"line":32,"column":31},"end":{"line":32,"column":50}},"17":{"start":{"line":35,"column":24},"end":{"line":35,"column":61}},"18":{"start":{"line":36,"column":8},"end":{"line":36,"column":20}},"19":{"start":{"line":38,"column":8},"end":{"line":38,"column":54}},"20":{"start":{"line":42,"column":0},"end":{"line":57,"column":2}},"21":{"start":{"line":44,"column":4},"end":{"line":46,"column":5}},"22":{"start":{"line":45,"column":8},"end":{"line":45,"column":42}},"23":{"start":{"line":48,"column":27},"end":{"line":48,"column":46}},"24":{"start":{"line":50,"column":4},"end":{"line":56,"column":5}},"25":{"start":{"line":52,"column":24},"end":{"line":52,"column":61}},"26":{"start":{"line":53,"column":8},"end":{"line":53,"column":26}},"27":{"start":{"line":55,"column":8},"end":{"line":55,"column":54}},"28":{"start":{"line":59,"column":0},"end":{"line":63,"column":1}},"29":{"start":{"line":61,"column":18},"end":{"line":61,"column":46}},"30":{"start":{"line":62,"column":4},"end":{"line":62,"column":29}}},"fnMap":{"0":{"name":"(anonymous_0)","decl":{"start":{"line":10,"column":24},"end":{"line":10,"column":25}},"loc":{"start":{"line":10,"column":41},"end":{"line":13,"column":1}},"line":10},"1":{"name":"(anonymous_1)","decl":{"start":{"line":15,"column":25},"end":{"line":15,"column":26}},"loc":{"start":{"line":15,"column":50},"end":{"line":23,"column":1}},"line":15},"2":{"name":"(anonymous_2)","decl":{"start":{"line":25,"column":24},"end":{"line":25,"column":25}},"loc":{"start":{"line":25,"column":35},"end":{"line":40,"column":1}},"line":25},"3":{"name":"(anonymous_3)","decl":{"start":{"line":42,"column":20},"end":{"line":42,"column":21}},"loc":{"start":{"line":42,"column":31},"end":{"line":57,"column":1}},"line":42},"4":{"name":"(anonymous_4)","decl":{"start":{"line":59,"column":25},"end":{"line":59,"column":26}},"loc":{"start":{"line":59,"column":35},"end":{"line":63,"column":1}},"line":59}},"branchMap":{"0":{"loc":{"start":{"line":18,"column":4},"end":{"line":18,"column":61}},"type":"if","locations":[{"start":{"line":18,"column":4},"end":{"line":18,"column":61}},{"start":{},"end":{}}],"line":18},"1":{"loc":{"start":{"line":26,"column":4},"end":{"line":28,"column":5}},"type":"if","locations":[{"start":{"line":26,"column":4},"end":{"line":28,"column":5}},{"start":{},"end":{}}],"line":26},"2":{"loc":{"start":{"line":44,"column":4},"end":{"line":46,"column":5}},"type":"if","locations":[{"start":{"line":44,"column":4},"end":{"line":46,"column":5}},{"start":{},"end":{}}],"line":44},"3":{"loc":{"start":{"line":44,"column":8},"end":{"line":44,"column":46}},"type":"binary-expr","locations":[{"start":{"line":44,"column":8},"end":{"line":44,"column":14}},{"start":{"line":44,"column":18},"end":{"line":44,"column":46}}],"line":44}},"s":{"0":1,"1":1,"2":1,"3":1,"4":2,"5":2,"6":1,"7":1,"8":1,"9":0,"10":1,"11":1,"12":1,"13":8,"14":0,"15":8,"16":8,"17":8,"18":8,"19":0,"20":1,"21":8,"22":0,"23":8,"24":8,"25":8,"26":8,"27":0,"28":1,"29":3,"30":3},"f":{"0":2,"1":1,"2":8,"3":8,"4":3},"b":{"0":[0,1],"1":[0,8],"2":[0,8],"3":[8,8]},"_coverageSchema":"1a1c01bbd47fc00a2c39e90264f33305004495a9","hash":"d001ebe2a7be8db02a95c31a2304b12dc3b57179"}
,"C:\\Users\\liveh\\OneDrive\\Faculdade\\Ultimo Ano\\Projeto Italo\\ES\\ES\\services\\negocioService.js": {"path":"C:\\Users\\liveh\\OneDrive\\Faculdade\\Ultimo Ano\\Projeto Italo\\ES\\ES\\services\\negocioService.js","statementMap":{"0":{"start":{"line":1,"column":0},"end":{"line":7,"column":1}},"1":{"start":{"line":2,"column":21},"end":{"line":2,"column":22}},"2":{"start":{"line":3,"column":4},"end":{"line":5,"column":7}},"3":{"start":{"line":4,"column":8},"end":{"line":4,"column":36}},"4":{"start":{"line":6,"column":4},"end":{"line":6,"column":22}}},"fnMap":{"0":{"name":"(anonymous_0)","decl":{"start":{"line":1,"column":24},"end":{"line":1,"column":25}},"loc":{"start":{"line":1,"column":37},"end":{"line":7,"column":1}},"line":1},"1":{"name":"(anonymous_1)","decl":{"start":{"line":3,"column":21},"end":{"line":3,"column":22}},"loc":{"start":{"line":3,"column":29},"end":{"line":5,"column":5}},"line":3}},"branchMap":{},"s":{"0":1,"1":3,"2":3,"3":2,"4":3},"f":{"0":3,"1":2},"b":{},"_coverageSchema":"1a1c01bbd47fc00a2c39e90264f33305004495a9","hash":"af5d78f879e5521497c8c137c3ad25bc4fd83478"}
}
