TN:
SF:app.js
FN:40,createServer
FNF:1
FNH:1
FNDA:1,createServer
DA:23,1
DA:24,1
DA:25,1
DA:26,1
DA:28,1
DA:31,1
DA:32,1
DA:33,1
DA:36,1
DA:37,1
DA:41,1
DA:44,1
LF:12
LH:12
BRF:0
BRH:0
end_of_record
TN:
SF:controllers\negocioController.js
FN:5,(anonymous_0)
FN:8,(anonymous_1)
FN:18,(anonymous_2)
FN:21,(anonymous_3)
FN:33,(anonymous_4)
FN:50,(anonymous_5)
FN:63,(anonymous_6)
FN:81,(anonymous_7)
FN:100,(anonymous_8)
FN:108,(anonymous_9)
FN:121,(anonymous_10)
FN:123,(anonymous_11)
FN:135,(anonymous_12)
FN:139,(anonymous_13)
FN:151,(anonymous_14)
FN:153,(anonymous_15)
FN:165,(anonymous_16)
FN:180,(anonymous_17)
FN:186,(anonymous_18)
FN:195,(anonymous_19)
FN:217,(anonymous_20)
FN:227,(anonymous_21)
FN:237,(anonymous_22)
FN:245,(anonymous_23)
FN:252,(anonymous_24)
FN:264,(anonymous_25)
FN:276,(anonymous_26)
FN:282,(anonymous_27)
FNF:28
FNH:16
FNDA:0,(anonymous_0)
FNDA:0,(anonymous_1)
FNDA:0,(anonymous_2)
FNDA:0,(anonymous_3)
FNDA:0,(anonymous_4)
FNDA:0,(anonymous_5)
FNDA:0,(anonymous_6)
FNDA:4,(anonymous_7)
FNDA:3,(anonymous_8)
FNDA:1,(anonymous_9)
FNDA:3,(anonymous_10)
FNDA:3,(anonymous_11)
FNDA:0,(anonymous_12)
FNDA:0,(anonymous_13)
FNDA:3,(anonymous_14)
FNDA:3,(anonymous_15)
FNDA:3,(anonymous_16)
FNDA:3,(anonymous_17)
FNDA:3,(anonymous_18)
FNDA:4,(anonymous_19)
FNDA:2,(anonymous_20)
FNDA:1,(anonymous_21)
FNDA:1,(anonymous_22)
FNDA:1,(anonymous_23)
FNDA:1,(anonymous_24)
FNDA:0,(anonymous_25)
FNDA:0,(anonymous_26)
FNDA:0,(anonymous_27)
DA:1,1
DA:2,1
DA:3,1
DA:5,1
DA:6,0
DA:7,0
DA:8,0
DA:9,0
DA:10,0
DA:11,0
DA:13,0
DA:14,0
DA:18,1
DA:19,0
DA:20,0
DA:21,0
DA:22,0
DA:23,0
DA:25,0
DA:26,0
DA:28,0
DA:33,1
DA:34,0
DA:35,0
DA:37,0
DA:39,0
DA:40,0
DA:43,0
DA:50,0
DA:51,0
DA:52,0
DA:55,0
DA:56,0
DA:62,0
DA:63,0
DA:64,0
DA:65,0
DA:68,0
DA:69,0
DA:71,0
DA:77,0
DA:81,1
DA:82,4
DA:83,4
DA:84,4
DA:85,4
DA:86,1
DA:89,3
DA:90,0
DA:92,3
DA:93,0
DA:96,3
DA:98,3
DA:99,3
DA:100,3
DA:101,3
DA:102,1
DA:103,1
DA:106,2
DA:107,1
DA:108,1
DA:109,1
DA:110,0
DA:112,1
DA:115,1
DA:121,1
DA:122,3
DA:123,3
DA:124,3
DA:125,0
DA:127,3
DA:128,2
DA:130,1
DA:135,1
DA:136,0
DA:137,0
DA:138,0
DA:139,0
DA:140,0
DA:141,0
DA:143,0
DA:144,0
DA:146,0
DA:151,1
DA:152,3
DA:153,3
DA:154,3
DA:155,0
DA:157,3
DA:158,3
DA:160,0
DA:165,1
DA:166,3
DA:168,3
DA:169,0
DA:172,3
DA:173,0
DA:176,3
DA:178,3
DA:180,3
DA:181,3
DA:182,0
DA:185,3
DA:186,3
DA:187,3
DA:188,2
DA:190,1
DA:195,1
DA:196,4
DA:197,4
DA:200,4
DA:201,1
DA:204,3
DA:205,1
DA:208,2
DA:209,2
DA:210,2
DA:212,0
DA:216,2
DA:217,2
DA:218,2
DA:219,0
DA:221,2
DA:222,1
DA:226,1
DA:227,1
DA:228,1
DA:229,0
DA:231,1
DA:232,0
DA:236,1
DA:237,1
DA:238,1
DA:239,0
DA:241,1
DA:244,1
DA:245,1
DA:246,1
DA:247,0
DA:251,1
DA:252,1
DA:253,1
DA:254,0
DA:256,1
DA:264,1
DA:265,0
DA:266,0
DA:268,0
DA:269,0
DA:270,0
DA:272,0
DA:275,0
DA:276,0
DA:277,0
DA:278,0
DA:280,0
DA:281,0
DA:282,0
DA:283,0
DA:284,0
DA:286,0
DA:287,0
DA:289,0
DA:293,0
LF:164
LH:85
BRDA:9,0,0,0
BRDA:9,0,1,0
BRDA:22,1,0,0
BRDA:22,1,1,0
BRDA:25,2,0,0
BRDA:25,2,1,0
BRDA:51,3,0,0
BRDA:51,3,1,0
BRDA:55,4,0,0
BRDA:55,4,1,0
BRDA:64,5,0,0
BRDA:64,5,1,0
BRDA:68,6,0,0
BRDA:68,6,1,0
BRDA:85,7,0,1
BRDA:85,7,1,3
BRDA:89,8,0,0
BRDA:89,8,1,3
BRDA:92,9,0,0
BRDA:92,9,1,3
BRDA:101,10,0,1
BRDA:101,10,1,2
BRDA:103,11,0,1
BRDA:103,11,1,0
BRDA:106,12,0,1
BRDA:106,12,1,1
BRDA:109,13,0,0
BRDA:109,13,1,1
BRDA:124,14,0,0
BRDA:124,14,1,3
BRDA:127,15,0,2
BRDA:127,15,1,1
BRDA:140,16,0,0
BRDA:140,16,1,0
BRDA:141,17,0,0
BRDA:141,17,1,0
BRDA:143,18,0,0
BRDA:143,18,1,0
BRDA:154,19,0,0
BRDA:154,19,1,3
BRDA:157,20,0,3
BRDA:157,20,1,0
BRDA:168,21,0,0
BRDA:168,21,1,3
BRDA:172,22,0,0
BRDA:172,22,1,3
BRDA:181,23,0,0
BRDA:181,23,1,3
BRDA:182,24,0,0
BRDA:182,24,1,0
BRDA:187,25,0,2
BRDA:187,25,1,1
BRDA:200,26,0,1
BRDA:200,26,1,3
BRDA:204,27,0,1
BRDA:204,27,1,2
BRDA:204,28,0,3
BRDA:204,28,1,2
BRDA:204,28,2,2
BRDA:218,29,0,0
BRDA:218,29,1,2
BRDA:221,30,0,1
BRDA:221,30,1,1
BRDA:228,31,0,0
BRDA:228,31,1,1
BRDA:231,32,0,0
BRDA:231,32,1,1
BRDA:238,33,0,0
BRDA:238,33,1,1
BRDA:246,34,0,0
BRDA:246,34,1,1
BRDA:253,35,0,0
BRDA:253,35,1,1
BRDA:268,36,0,0
BRDA:268,36,1,0
BRDA:277,37,0,0
BRDA:277,37,1,0
BRDA:280,38,0,0
BRDA:280,38,1,0
BRDA:283,39,0,0
BRDA:283,39,1,0
BRDA:286,40,0,0
BRDA:286,40,1,0
BRF:83
BRH:35
end_of_record
TN:
SF:controllers\usuariosController.js
FN:7,(anonymous_0)
FN:9,(anonymous_1)
FN:17,(anonymous_2)
FN:28,(anonymous_3)
FN:43,(anonymous_4)
FN:66,(anonymous_5)
FN:95,(anonymous_6)
FN:98,(anonymous_7)
FN:111,(anonymous_8)
FN:118,(anonymous_9)
FN:119,(anonymous_10)
FN:140,(anonymous_11)
FN:147,(anonymous_12)
FN:161,(anonymous_13)
FN:177,(anonymous_14)
FN:191,(anonymous_15)
FN:194,(anonymous_16)
FNF:17
FNH:5
FNDA:0,(anonymous_0)
FNDA:0,(anonymous_1)
FNDA:0,(anonymous_2)
FNDA:0,(anonymous_3)
FNDA:4,(anonymous_4)
FNDA:2,(anonymous_5)
FNDA:0,(anonymous_6)
FNDA:0,(anonymous_7)
FNDA:2,(anonymous_8)
FNDA:2,(anonymous_9)
FNDA:2,(anonymous_10)
FNDA:0,(anonymous_11)
FNDA:0,(anonymous_12)
FNDA:0,(anonymous_13)
FNDA:0,(anonymous_14)
FNDA:0,(anonymous_15)
FNDA:0,(anonymous_16)
DA:1,1
DA:2,1
DA:7,1
DA:8,0
DA:9,0
DA:10,0
DA:11,0
DA:13,0
DA:17,1
DA:18,0
DA:19,0
DA:20,0
DA:21,0
DA:22,0
DA:24,0
DA:25,0
DA:26,0
DA:27,0
DA:28,0
DA:29,0
DA:30,0
DA:32,0
DA:33,0
DA:34,0
DA:35,0
DA:37,0
DA:43,1
DA:44,4
DA:46,4
DA:47,4
DA:50,4
DA:51,1
DA:56,3
DA:57,1
DA:62,2
DA:64,2
DA:66,2
DA:67,2
DA:69,1
DA:70,1
DA:74,0
DA:78,1
DA:85,0
DA:86,0
DA:95,1
DA:96,0
DA:97,0
DA:98,0
DA:99,0
DA:100,0
DA:102,0
DA:103,0
DA:105,0
DA:111,1
DA:112,2
DA:113,2
DA:114,2
DA:116,2
DA:118,2
DA:119,2
DA:120,2
DA:121,0
DA:123,2
DA:127,2
DA:128,1
DA:129,1
DA:131,1
DA:134,0
DA:140,1
DA:141,0
DA:142,0
DA:143,0
DA:144,0
DA:146,0
DA:147,0
DA:148,0
DA:149,0
DA:151,0
DA:152,0
DA:154,0
DA:161,1
DA:162,0
DA:165,0
DA:167,0
DA:168,0
DA:170,0
DA:173,0
DA:174,0
DA:176,0
DA:177,0
DA:178,0
DA:179,0
DA:181,0
DA:182,0
DA:184,0
DA:191,1
DA:192,0
DA:193,0
DA:194,0
DA:195,0
DA:196,0
DA:198,0
DA:199,0
DA:201,0
LF:104
LH:36
BRDA:10,0,0,0
BRDA:10,0,1,0
BRDA:21,1,0,0
BRDA:21,1,1,0
BRDA:29,2,0,0
BRDA:29,2,1,0
BRDA:32,3,0,0
BRDA:32,3,1,0
BRDA:50,4,0,1
BRDA:50,4,1,3
BRDA:50,5,0,4
BRDA:50,5,1,3
BRDA:50,5,2,3
BRDA:50,5,3,3
BRDA:56,6,0,1
BRDA:56,6,1,2
BRDA:67,7,0,1
BRDA:67,7,1,1
BRDA:69,8,0,1
BRDA:69,8,1,0
BRDA:99,9,0,0
BRDA:99,9,1,0
BRDA:102,10,0,0
BRDA:102,10,1,0
BRDA:120,11,0,0
BRDA:120,11,1,2
BRDA:127,12,0,1
BRDA:127,12,1,1
BRDA:143,13,0,0
BRDA:143,13,1,0
BRDA:148,14,0,0
BRDA:148,14,1,0
BRDA:151,15,0,0
BRDA:151,15,1,0
BRDA:165,16,0,0
BRDA:165,16,1,0
BRDA:178,17,0,0
BRDA:178,17,1,0
BRDA:181,18,0,0
BRDA:181,18,1,0
BRDA:195,19,0,0
BRDA:195,19,1,0
BRDA:198,20,0,0
BRDA:198,20,1,0
BRF:44
BRH:14
end_of_record
TN:
SF:db\db.js
FN:4,(anonymous_0)
FNF:1
FNH:1
FNDA:1,(anonymous_0)
DA:2,1
DA:4,1
DA:5,1
DA:6,0
DA:8,1
DA:12,1
LF:6
LH:5
BRDA:5,0,0,0
BRDA:5,0,1,1
BRF:2
BRH:1
end_of_record
TN:
SF:routes\negocio.js
FNF:0
FNH:0
DA:1,1
DA:2,1
DA:3,1
DA:6,1
DA:7,1
DA:8,1
DA:9,1
DA:10,1
DA:11,1
DA:12,1
DA:13,1
DA:15,1
LF:12
LH:12
BRF:0
BRH:0
end_of_record
TN:
SF:routes\usuarios.js
FNF:0
FNH:0
DA:1,1
DA:2,1
DA:3,1
DA:8,1
DA:9,1
DA:10,1
DA:11,1
DA:12,1
DA:13,1
DA:14,1
DA:15,1
DA:17,1
LF:12
LH:12
BRF:0
BRH:0
end_of_record
TN:
SF:services\autenticacao.js
FN:10,(anonymous_0)
FN:15,(anonymous_1)
FN:25,(anonymous_2)
FN:42,(anonymous_3)
FN:59,(anonymous_4)
FNF:5
FNH:5
FNDA:2,(anonymous_0)
FNDA:1,(anonymous_1)
FNDA:8,(anonymous_2)
FNDA:8,(anonymous_3)
FNDA:3,(anonymous_4)
DA:1,1
DA:2,1
DA:6,1
DA:10,1
DA:11,2
DA:12,2
DA:15,1
DA:16,1
DA:18,1
DA:20,1
DA:21,1
DA:25,1
DA:26,8
DA:27,0
DA:30,8
DA:32,8
DA:35,8
DA:36,8
DA:38,0
DA:42,1
DA:44,8
DA:45,0
DA:48,8
DA:50,8
DA:52,8
DA:53,8
DA:55,0
DA:59,1
DA:61,3
DA:62,3
LF:30
LH:26
BRDA:18,0,0,0
BRDA:18,0,1,1
BRDA:26,1,0,0
BRDA:26,1,1,8
BRDA:44,2,0,0
BRDA:44,2,1,8
BRDA:44,3,0,8
BRDA:44,3,1,8
BRF:8
BRH:5
end_of_record
TN:
SF:services\negocioService.js
FN:1,(anonymous_0)
FN:3,(anonymous_1)
FNF:2
FNH:2
FNDA:3,(anonymous_0)
FNDA:2,(anonymous_1)
DA:1,1
DA:2,3
DA:3,3
DA:4,2
DA:6,3
LF:5
LH:5
BRF:0
BRH:0
end_of_record
