TN:
SF:app.js
FN:17,(anonymous_0)
FNF:1
FNH:0
FNDA:0,(anonymous_0)
DA:1,1
DA:2,1
DA:3,1
DA:4,1
DA:5,1
DA:7,1
DA:8,1
DA:9,1
DA:12,1
DA:13,1
DA:16,1
DA:17,1
DA:18,0
LF:13
LH:12
BRF:0
BRH:0
end_of_record
TN:
SF:controllers\negocioController.js
FN:5,(anonymous_0)
FN:8,(anonymous_1)
FN:18,(anonymous_2)
FN:21,(anonymous_3)
FN:33,(anonymous_4)
FN:50,(anonymous_5)
FN:63,(anonymous_6)
FN:81,(anonymous_7)
FN:100,(anonymous_8)
FN:108,(anonymous_9)
FN:121,(anonymous_10)
FN:123,(anonymous_11)
FN:135,(anonymous_12)
FN:139,(anonymous_13)
FN:151,(anonymous_14)
FN:153,(anonymous_15)
FN:165,(anonymous_16)
FN:176,(anonymous_17)
FN:182,(anonymous_18)
FN:191,(anonymous_19)
FN:205,(anonymous_20)
FN:215,(anonymous_21)
FN:225,(anonymous_22)
FN:233,(anonymous_23)
FN:240,(anonymous_24)
FN:252,(anonymous_25)
FN:264,(anonymous_26)
FN:270,(anonymous_27)
FNF:28
FNH:0
FNDA:0,(anonymous_0)
FNDA:0,(anonymous_1)
FNDA:0,(anonymous_2)
FNDA:0,(anonymous_3)
FNDA:0,(anonymous_4)
FNDA:0,(anonymous_5)
FNDA:0,(anonymous_6)
FNDA:0,(anonymous_7)
FNDA:0,(anonymous_8)
FNDA:0,(anonymous_9)
FNDA:0,(anonymous_10)
FNDA:0,(anonymous_11)
FNDA:0,(anonymous_12)
FNDA:0,(anonymous_13)
FNDA:0,(anonymous_14)
FNDA:0,(anonymous_15)
FNDA:0,(anonymous_16)
FNDA:0,(anonymous_17)
FNDA:0,(anonymous_18)
FNDA:0,(anonymous_19)
FNDA:0,(anonymous_20)
FNDA:0,(anonymous_21)
FNDA:0,(anonymous_22)
FNDA:0,(anonymous_23)
FNDA:0,(anonymous_24)
FNDA:0,(anonymous_25)
FNDA:0,(anonymous_26)
FNDA:0,(anonymous_27)
DA:1,1
DA:2,1
DA:3,1
DA:5,1
DA:6,0
DA:7,0
DA:8,0
DA:9,0
DA:10,0
DA:11,0
DA:13,0
DA:14,0
DA:18,1
DA:19,0
DA:20,0
DA:21,0
DA:22,0
DA:23,0
DA:25,0
DA:26,0
DA:28,0
DA:33,1
DA:34,0
DA:35,0
DA:37,0
DA:39,0
DA:40,0
DA:43,0
DA:50,0
DA:51,0
DA:52,0
DA:55,0
DA:56,0
DA:62,0
DA:63,0
DA:64,0
DA:65,0
DA:68,0
DA:69,0
DA:71,0
DA:77,0
DA:81,1
DA:82,0
DA:83,0
DA:84,0
DA:85,0
DA:86,0
DA:88,0
DA:89,0
DA:91,0
DA:92,0
DA:95,0
DA:97,0
DA:98,0
DA:100,0
DA:101,0
DA:102,0
DA:103,0
DA:106,0
DA:107,0
DA:108,0
DA:109,0
DA:110,0
DA:112,0
DA:115,0
DA:121,1
DA:122,0
DA:123,0
DA:124,0
DA:125,0
DA:127,0
DA:128,0
DA:130,0
DA:135,1
DA:136,0
DA:137,0
DA:138,0
DA:139,0
DA:140,0
DA:141,0
DA:143,0
DA:144,0
DA:146,0
DA:151,1
DA:152,0
DA:153,0
DA:154,0
DA:155,0
DA:157,0
DA:158,0
DA:160,0
DA:165,1
DA:166,0
DA:168,0
DA:169,0
DA:172,0
DA:174,0
DA:176,0
DA:177,0
DA:178,0
DA:181,0
DA:182,0
DA:183,0
DA:184,0
DA:186,0
DA:191,1
DA:192,0
DA:193,0
DA:196,0
DA:197,0
DA:198,0
DA:200,0
DA:204,0
DA:205,0
DA:206,0
DA:207,0
DA:209,0
DA:210,0
DA:214,0
DA:215,0
DA:216,0
DA:217,0
DA:219,0
DA:220,0
DA:224,0
DA:225,0
DA:226,0
DA:227,0
DA:229,0
DA:232,0
DA:233,0
DA:234,0
DA:235,0
DA:239,0
DA:240,0
DA:241,0
DA:242,0
DA:244,0
DA:252,1
DA:253,0
DA:254,0
DA:256,0
DA:257,0
DA:258,0
DA:260,0
DA:263,0
DA:264,0
DA:265,0
DA:266,0
DA:268,0
DA:269,0
DA:270,0
DA:271,0
DA:272,0
DA:274,0
DA:275,0
DA:277,0
DA:281,0
LF:158
LH:13
BRDA:9,0,0,0
BRDA:9,0,1,0
BRDA:22,1,0,0
BRDA:22,1,1,0
BRDA:25,2,0,0
BRDA:25,2,1,0
BRDA:51,3,0,0
BRDA:51,3,1,0
BRDA:55,4,0,0
BRDA:55,4,1,0
BRDA:64,5,0,0
BRDA:64,5,1,0
BRDA:68,6,0,0
BRDA:68,6,1,0
BRDA:88,7,0,0
BRDA:88,7,1,0
BRDA:91,8,0,0
BRDA:91,8,1,0
BRDA:101,9,0,0
BRDA:101,9,1,0
BRDA:103,10,0,0
BRDA:103,10,1,0
BRDA:106,11,0,0
BRDA:106,11,1,0
BRDA:109,12,0,0
BRDA:109,12,1,0
BRDA:124,13,0,0
BRDA:124,13,1,0
BRDA:127,14,0,0
BRDA:127,14,1,0
BRDA:140,15,0,0
BRDA:140,15,1,0
BRDA:141,16,0,0
BRDA:141,16,1,0
BRDA:143,17,0,0
BRDA:143,17,1,0
BRDA:154,18,0,0
BRDA:154,18,1,0
BRDA:157,19,0,0
BRDA:157,19,1,0
BRDA:168,20,0,0
BRDA:168,20,1,0
BRDA:177,21,0,0
BRDA:177,21,1,0
BRDA:178,22,0,0
BRDA:178,22,1,0
BRDA:183,23,0,0
BRDA:183,23,1,0
BRDA:206,24,0,0
BRDA:206,24,1,0
BRDA:209,25,0,0
BRDA:209,25,1,0
BRDA:216,26,0,0
BRDA:216,26,1,0
BRDA:219,27,0,0
BRDA:219,27,1,0
BRDA:226,28,0,0
BRDA:226,28,1,0
BRDA:234,29,0,0
BRDA:234,29,1,0
BRDA:241,30,0,0
BRDA:241,30,1,0
BRDA:256,31,0,0
BRDA:256,31,1,0
BRDA:265,32,0,0
BRDA:265,32,1,0
BRDA:268,33,0,0
BRDA:268,33,1,0
BRDA:271,34,0,0
BRDA:271,34,1,0
BRDA:274,35,0,0
BRDA:274,35,1,0
BRF:72
BRH:0
end_of_record
TN:
SF:controllers\usuariosController.js
FN:9,(anonymous_0)
FN:13,(anonymous_1)
FN:15,(anonymous_2)
FN:22,(anonymous_3)
FN:23,(anonymous_4)
FN:36,(anonymous_5)
FN:50,(anonymous_6)
FN:62,(anonymous_7)
FN:77,(anonymous_8)
FN:92,(anonymous_9)
FN:93,(anonymous_10)
FN:104,(anonymous_11)
FN:117,(anonymous_12)
FN:129,(anonymous_13)
FN:143,(anonymous_14)
FN:158,(anonymous_15)
FN:159,(anonymous_16)
FN:170,(anonymous_17)
FN:181,(anonymous_18)
FN:195,(anonymous_19)
FN:196,(anonymous_20)
FN:211,(anonymous_21)
FN:229,(anonymous_22)
FN:248,(anonymous_23)
FN:269,(anonymous_24)
FN:271,(anonymous_25)
FN:279,(anonymous_26)
FN:290,(anonymous_27)
FN:305,(anonymous_28)
FN:328,(anonymous_29)
FN:357,(anonymous_30)
FN:360,(anonymous_31)
FN:373,(anonymous_32)
FN:380,(anonymous_33)
FN:381,(anonymous_34)
FN:402,(anonymous_35)
FN:409,(anonymous_36)
FN:423,(anonymous_37)
FN:439,(anonymous_38)
FN:453,(anonymous_39)
FN:456,(anonymous_40)
FNF:41
FNH:7
FNDA:1,(anonymous_0)
FNDA:1,(anonymous_1)
FNDA:0,(anonymous_2)
FNDA:1,(anonymous_3)
FNDA:0,(anonymous_4)
FNDA:0,(anonymous_5)
FNDA:0,(anonymous_6)
FNDA:0,(anonymous_7)
FNDA:0,(anonymous_8)
FNDA:1,(anonymous_9)
FNDA:1,(anonymous_10)
FNDA:0,(anonymous_11)
FNDA:0,(anonymous_12)
FNDA:0,(anonymous_13)
FNDA:0,(anonymous_14)
FNDA:1,(anonymous_15)
FNDA:0,(anonymous_16)
FNDA:0,(anonymous_17)
FNDA:0,(anonymous_18)
FNDA:1,(anonymous_19)
FNDA:0,(anonymous_20)
FNDA:0,(anonymous_21)
FNDA:0,(anonymous_22)
FNDA:0,(anonymous_23)
FNDA:0,(anonymous_24)
FNDA:0,(anonymous_25)
FNDA:0,(anonymous_26)
FNDA:0,(anonymous_27)
FNDA:0,(anonymous_28)
FNDA:0,(anonymous_29)
FNDA:0,(anonymous_30)
FNDA:0,(anonymous_31)
FNDA:0,(anonymous_32)
FNDA:0,(anonymous_33)
FNDA:0,(anonymous_34)
FNDA:0,(anonymous_35)
FNDA:0,(anonymous_36)
FNDA:0,(anonymous_37)
FNDA:0,(anonymous_38)
FNDA:0,(anonymous_39)
FNDA:0,(anonymous_40)
DA:1,1
DA:2,1
DA:3,1
DA:9,1
DA:10,1
DA:13,1
DA:14,1
DA:15,0
DA:16,0
DA:17,0
DA:18,0
DA:22,1
DA:23,1
DA:24,0
DA:32,0
DA:33,0
DA:36,1
DA:37,0
DA:46,0
DA:47,0
DA:50,1
DA:51,0
DA:58,0
DA:59,0
DA:62,1
DA:63,0
DA:72,0
DA:73,0
DA:74,0
DA:77,1
DA:78,0
DA:87,0
DA:88,0
DA:92,1
DA:93,1
DA:95,1
DA:101,0
DA:104,1
DA:105,0
DA:113,0
DA:114,0
DA:117,1
DA:118,0
DA:126,0
DA:129,1
DA:130,0
DA:139,0
DA:140,0
DA:143,1
DA:144,0
DA:153,0
DA:154,0
DA:158,1
DA:159,1
DA:160,0
DA:167,0
DA:170,1
DA:171,0
DA:178,0
DA:181,1
DA:182,0
DA:190,0
DA:191,0
DA:195,1
DA:196,1
DA:197,0
DA:207,0
DA:208,0
DA:211,1
DA:212,0
DA:226,0
DA:229,1
DA:230,0
DA:245,0
DA:248,1
DA:249,0
DA:264,0
DA:265,0
DA:269,1
DA:270,0
DA:271,0
DA:272,0
DA:273,0
DA:275,0
DA:279,1
DA:280,0
DA:281,0
DA:282,0
DA:283,0
DA:284,0
DA:286,0
DA:287,0
DA:288,0
DA:289,0
DA:290,0
DA:291,0
DA:292,0
DA:294,0
DA:295,0
DA:296,0
DA:297,0
DA:299,0
DA:305,1
DA:306,0
DA:308,0
DA:309,0
DA:312,0
DA:313,0
DA:318,0
DA:319,0
DA:324,0
DA:326,0
DA:328,0
DA:329,0
DA:331,0
DA:332,0
DA:336,0
DA:340,0
DA:347,0
DA:348,0
DA:357,1
DA:358,0
DA:359,0
DA:360,0
DA:361,0
DA:362,0
DA:364,0
DA:365,0
DA:367,0
DA:373,1
DA:374,0
DA:375,0
DA:376,0
DA:378,0
DA:380,0
DA:381,0
DA:382,0
DA:383,0
DA:385,0
DA:389,0
DA:390,0
DA:391,0
DA:393,0
DA:396,0
DA:402,1
DA:403,0
DA:404,0
DA:405,0
DA:406,0
DA:408,0
DA:409,0
DA:410,0
DA:411,0
DA:413,0
DA:414,0
DA:416,0
DA:423,1
DA:424,0
DA:427,0
DA:429,0
DA:430,0
DA:432,0
DA:435,0
DA:436,0
DA:438,0
DA:439,0
DA:440,0
DA:441,0
DA:443,0
DA:444,0
DA:446,0
DA:453,1
DA:454,0
DA:455,0
DA:456,0
DA:457,0
DA:458,0
DA:460,0
DA:461,0
DA:463,0
LF:180
LH:37
BRDA:272,0,0,0
BRDA:272,0,1,0
BRDA:283,1,0,0
BRDA:283,1,1,0
BRDA:291,2,0,0
BRDA:291,2,1,0
BRDA:294,3,0,0
BRDA:294,3,1,0
BRDA:312,4,0,0
BRDA:312,4,1,0
BRDA:312,5,0,0
BRDA:312,5,1,0
BRDA:312,5,2,0
BRDA:312,5,3,0
BRDA:318,6,0,0
BRDA:318,6,1,0
BRDA:329,7,0,0
BRDA:329,7,1,0
BRDA:331,8,0,0
BRDA:331,8,1,0
BRDA:361,9,0,0
BRDA:361,9,1,0
BRDA:364,10,0,0
BRDA:364,10,1,0
BRDA:382,11,0,0
BRDA:382,11,1,0
BRDA:389,12,0,0
BRDA:389,12,1,0
BRDA:405,13,0,0
BRDA:405,13,1,0
BRDA:410,14,0,0
BRDA:410,14,1,0
BRDA:413,15,0,0
BRDA:413,15,1,0
BRDA:427,16,0,0
BRDA:427,16,1,0
BRDA:440,17,0,0
BRDA:440,17,1,0
BRDA:443,18,0,0
BRDA:443,18,1,0
BRDA:457,19,0,0
BRDA:457,19,1,0
BRDA:460,20,0,0
BRDA:460,20,1,0
BRF:44
BRH:0
end_of_record
TN:
SF:db\db.js
FN:4,(anonymous_0)
FNF:1
FNH:0
FNDA:0,(anonymous_0)
DA:2,1
DA:4,1
DA:5,0
DA:6,0
DA:8,0
DA:12,1
LF:6
LH:3
BRDA:5,0,0,0
BRDA:5,0,1,0
BRF:2
BRH:0
end_of_record
TN:
SF:routes\negocio.js
FNF:0
FNH:0
DA:1,1
DA:2,1
DA:3,1
DA:6,1
DA:7,1
DA:8,1
DA:9,1
DA:10,1
DA:11,1
DA:12,1
DA:13,1
DA:15,1
LF:12
LH:12
BRF:0
BRH:0
end_of_record
TN:
SF:routes\usuarios.js
FNF:0
FNH:0
DA:1,1
DA:2,1
DA:3,1
DA:8,1
DA:9,1
DA:10,1
DA:11,1
DA:12,1
DA:13,1
DA:14,1
DA:15,1
DA:17,1
LF:12
LH:12
BRF:0
BRH:0
end_of_record
TN:
SF:services\autenticacao.js
FN:10,(anonymous_0)
FN:15,(anonymous_1)
FN:25,(anonymous_2)
FN:42,(anonymous_3)
FN:59,(anonymous_4)
FNF:5
FNH:0
FNDA:0,(anonymous_0)
FNDA:0,(anonymous_1)
FNDA:0,(anonymous_2)
FNDA:0,(anonymous_3)
FNDA:0,(anonymous_4)
DA:1,1
DA:2,1
DA:6,1
DA:10,1
DA:11,0
DA:12,0
DA:15,1
DA:16,0
DA:18,0
DA:20,0
DA:21,0
DA:25,1
DA:26,0
DA:27,0
DA:30,0
DA:32,0
DA:35,0
DA:36,0
DA:38,0
DA:42,1
DA:44,0
DA:45,0
DA:48,0
DA:50,0
DA:52,0
DA:53,0
DA:55,0
DA:59,1
DA:61,0
DA:62,0
LF:30
LH:8
BRDA:18,0,0,0
BRDA:18,0,1,0
BRDA:26,1,0,0
BRDA:26,1,1,0
BRDA:44,2,0,0
BRDA:44,2,1,0
BRDA:44,3,0,0
BRDA:44,3,1,0
BRF:8
BRH:0
end_of_record
TN:
SF:services\negocioService.js
FN:1,(anonymous_0)
FN:3,(anonymous_1)
FNF:2
FNH:0
FNDA:0,(anonymous_0)
FNDA:0,(anonymous_1)
DA:1,1
DA:2,0
DA:3,0
DA:4,0
DA:6,0
LF:5
LH:1
BRF:0
BRH:0
end_of_record
